
ROM used:   295/8192 (4%)
            295/8192 (4%) including unused fragments

            0.4 Average locations per line
            4.3 Average locations per statement

RAM used:   15/368 (4%) at main() level
            17/368 (5%) worst case

Stack used: 3 worst case (0 in main + 3 for interrupts)
Stack size: 8

Lines Stmts  %   Files
----- ----- ---  -----
   97    68 100  main.c
   10     0   0  main.h
  671     0   0  ..\..\..\..\Program Files (x86)\PICC\Devices\16F877A.h
----- -----
  778    68 Total

Page ROM  %  RAM    Vol Diff  Functions:
---- --- --- ---    --- ----  ----------
0     20   7    1             @delay_ms1
0     30  10    2    240  4.5  delay
0    179  61    1   2008  3.9  interrupt
0     19   6    0     32  1.0  MAIN
 Inline         0     32  1.0  @cinit1

Program metrics:
    Functions               4
    Statements              68
    Comments                119
    Volume (V)              2649
    Difficulty (D)          11.3
    Effort to implement (E) 30070
    Time to implement (T)   28 minutes
    Est Delivered Bugs (B)  0
    Cyclomatic Complexity   3
    Maintainability (MI)    133

 Segment     Used  Free
-----------  ----  ----
00000-00003     4  0  
00004-0002E    43  0  
0002F-007FF   248  1753  
00800-00FFF     0  2048  
01000-017FF     0  2048  
01800-01FFF     0  2048  



